<?xml version="1.0" encoding="UTF-8"?>
<testsuite xmlns:xsi="http://www.w3.org/2001/XMLSchema-instance" xsi:noNamespaceSchemaLocation="https://maven.apache.org/surefire/maven-surefire-plugin/xsd/surefire-test-report-3.0.xsd" version="3.0" name="TestSuite" time="1.98" tests="131" errors="0" skipped="0" failures="14">
  <properties>
[...]
</properties>
  <testcase name="testAddAll" classname="collections.MyArrayListTest" time="0.007"/>
  <testcase name="testAddAllWithNullArgument" classname="collections.MyArrayListTest" time="0"/>
  <testcase name="testAddElementOutOfBounds" classname="collections.MyArrayListTest" time="0"/>
  <testcase name="testAddNullWithIndex" classname="collections.MyArrayListTest" time="0.011">
    <failure message="&#10;Method MyArrayListTest.testAddNullWithIndex()[pri:0, instance:collections.MyArrayListTest@6497b078] should have thrown an exception of type class java.lang.NullPointerException" type="org.testng.TestException"><![CDATA[org.testng.TestException: 

Method MyArrayListTest.testAddNullWithIndex()[pri:0, instance:collections.MyArrayListTest@6497b078] should have thrown an exception of type class java.lang.NullPointerException
]]></failure>
  </testcase>
  <testcase name="testAddNullWithoutIndex" classname="collections.MyArrayListTest" time="0.004">
    <failure message="&#10;Method MyArrayListTest.testAddNullWithoutIndex()[pri:0, instance:collections.MyArrayListTest@6497b078] should have thrown an exception of type class java.lang.NullPointerException" type="org.testng.TestException"><![CDATA[org.testng.TestException: 

Method MyArrayListTest.testAddNullWithoutIndex()[pri:0, instance:collections.MyArrayListTest@6497b078] should have thrown an exception of type class java.lang.NullPointerException
]]></failure>
  </testcase>
  <testcase name="testAddWithIndex" classname="collections.MyArrayListTest" time="0.001"/>
  <testcase name="testAddWithoutIndex" classname="collections.MyArrayListTest" time="0.002"/>
  <testcase name="testClear" classname="collections.MyArrayListTest" time="0.001"/>
  <testcase name="testContainsFalse" classname="collections.MyArrayListTest" time="0"/>
  <testcase name="testContainsTrue" classname="collections.MyArrayListTest" time="0"/>
  <testcase name="testContainsWithNullArgument" classname="collections.MyArrayListTest" time="0.002">
    <failure message="&#10;Method MyArrayListTest.testContainsWithNullArgument()[pri:0, instance:collections.MyArrayListTest@6497b078] should have thrown an exception of type class java.lang.NullPointerException" type="org.testng.TestException"><![CDATA[org.testng.TestException: 

Method MyArrayListTest.testContainsWithNullArgument()[pri:0, instance:collections.MyArrayListTest@6497b078] should have thrown an exception of type class java.lang.NullPointerException
]]></failure>
  </testcase>
  <testcase name="testGetOutOfBounds" classname="collections.MyArrayListTest" time="0.001"/>
  <testcase name="testInitialSizeWithCapacityArgumentConstructor" classname="collections.MyArrayListTest" time="0"/>
  <testcase name="testInitialSizeWithDefaultConstructor" classname="collections.MyArrayListTest" time="0.001"/>
  <testcase name="testIsEmptyFalse" classname="collections.MyArrayListTest" time="0.001"/>
  <testcase name="testIsEmptyTrue" classname="collections.MyArrayListTest" time="0.001"/>
  <testcase name="testIteratorHasNextFalse" classname="collections.MyArrayListTest" time="0.001"/>
  <testcase name="testIteratorHasNextTrue" classname="collections.MyArrayListTest" time="0"/>
  <testcase name="testIteratorNext" classname="collections.MyArrayListTest" time="0"/>
  <testcase name="testIteratorNoSuchElement" classname="collections.MyArrayListTest" time="0.001"/>
  <testcase name="testRemoveOutOfBounds" classname="collections.MyArrayListTest" time="0.002"/>
  <testcase name="testRemoveWithIndex" classname="collections.MyArrayListTest" time="0"/>
  <testcase name="testRemoveWithNullArgument" classname="collections.MyArrayListTest" time="0.001">
    <failure message="&#10;Method MyArrayListTest.testRemoveWithNullArgument()[pri:0, instance:collections.MyArrayListTest@6497b078] should have thrown an exception of type class java.lang.NullPointerException" type="org.testng.TestException"><![CDATA[org.testng.TestException: 

Method MyArrayListTest.testRemoveWithNullArgument()[pri:0, instance:collections.MyArrayListTest@6497b078] should have thrown an exception of type class java.lang.NullPointerException
]]></failure>
  </testcase>
  <testcase name="testRemoveWithoutIndex" classname="collections.MyArrayListTest" time="0"/>
  <testcase name="testSet" classname="collections.MyArrayListTest" time="0.001"/>
  <testcase name="testSetOutOfBounds" classname="collections.MyArrayListTest" time="0"/>
  <testcase name="testSetWithNullArgument" classname="collections.MyArrayListTest" time="0.001">
    <failure message="&#10;Method MyArrayListTest.testSetWithNullArgument()[pri:0, instance:collections.MyArrayListTest@6497b078] should have thrown an exception of type class java.lang.NullPointerException" type="org.testng.TestException"><![CDATA[org.testng.TestException: 

Method MyArrayListTest.testSetWithNullArgument()[pri:0, instance:collections.MyArrayListTest@6497b078] should have thrown an exception of type class java.lang.NullPointerException
]]></failure>
  </testcase>
  <testcase name="testSize" classname="collections.MyArrayListTest" time="0"/>
  <testcase name="testToArrayWithArgument" classname="collections.MyArrayListTest" time="0"/>
  <testcase name="testToArrayWithNullArgument" classname="collections.MyArrayListTest" time="0.001"/>
  <testcase name="testToArrayWithoutArgument" classname="collections.MyArrayListTest" time="0"/>
  <testcase name="testAddAll" classname="collections.MyDLLTest" time="0.001"/>
  <testcase name="testAddAllWithNullArgument" classname="collections.MyDLLTest" time="0"/>
  <testcase name="testAddElementOutOfBounds" classname="collections.MyDLLTest" time="0"/>
  <testcase name="testAddNullWithIndex" classname="collections.MyDLLTest" time="0"/>
  <testcase name="testAddNullWithoutIndex" classname="collections.MyDLLTest" time="0"/>
  <testcase name="testAddWithIndex" classname="collections.MyDLLTest" time="0.001">
    <failure type="java.lang.NullPointerException"><![CDATA[java.lang.NullPointerException
	at collections.MyDLLTest.testAddWithIndex(MyDLLTest.java:122)
]]></failure>
  </testcase>
  <testcase name="testAddWithoutIndex" classname="collections.MyDLLTest" time="0.001"/>
  <testcase name="testClear" classname="collections.MyDLLTest" time="0"/>
  <testcase name="testContainsFalse" classname="collections.MyDLLTest" time="0"/>
  <testcase name="testContainsTrue" classname="collections.MyDLLTest" time="0"/>
  <testcase name="testContainsWithNullArgument" classname="collections.MyDLLTest" time="0"/>
  <testcase name="testGetOutOfBounds" classname="collections.MyDLLTest" time="0"/>
  <testcase name="testInitialSize" classname="collections.MyDLLTest" time="0"/>
  <testcase name="testIsEmptyFalse" classname="collections.MyDLLTest" time="0"/>
  <testcase name="testIsEmptyTrue" classname="collections.MyDLLTest" time="0"/>
  <testcase name="testIteratorHasNextFalse" classname="collections.MyDLLTest" time="0.002"/>
  <testcase name="testIteratorHasNextTrue" classname="collections.MyDLLTest" time="0"/>
  <testcase name="testIteratorNext" classname="collections.MyDLLTest" time="0"/>
  <testcase name="testIteratorNoSuchElement" classname="collections.MyDLLTest" time="0"/>
  <testcase name="testRemoveOutOfBounds" classname="collections.MyDLLTest" time="0"/>
  <testcase name="testRemoveWithIndex" classname="collections.MyDLLTest" time="0"/>
  <testcase name="testRemoveWithNullArgument" classname="collections.MyDLLTest" time="0"/>
  <testcase name="testRemoveWithoutIndex" classname="collections.MyDLLTest" time="0.001">
    <failure message="expected [3] but found [2]" type="java.lang.AssertionError"><![CDATA[java.lang.AssertionError: expected [3] but found [2]
	at collections.MyDLLTest.testRemoveWithoutIndex(MyDLLTest.java:163)
]]></failure>
  </testcase>
  <testcase name="testSet" classname="collections.MyDLLTest" time="0"/>
  <testcase name="testSetOutOfBounds" classname="collections.MyDLLTest" time="0"/>
  <testcase name="testSetWithNullArgument" classname="collections.MyDLLTest" time="0"/>
  <testcase name="testSize" classname="collections.MyDLLTest" time="0"/>
  <testcase name="testToArrayWithArgument" classname="collections.MyDLLTest" time="0.001"/>
  <testcase name="testToArrayWithNullArgument" classname="collections.MyDLLTest" time="0.001"/>
  <testcase name="testToArrayWithoutArgument" classname="collections.MyDLLTest" time="0.001"/>
  <testcase name="testDequeue" classname="collections.MyQueueTest" time="0"/>
  <testcase name="testDequeueAll" classname="collections.MyQueueTest" time="0.001"/>
  <testcase name="testDequeueWithEmptyQueue" classname="collections.MyQueueTest" time="0"/>
  <testcase name="testEnqueue" classname="collections.MyQueueTest" time="0"/>
  <testcase name="testEnqueueNull" classname="collections.MyQueueTest" time="0"/>
  <testcase name="testEqualsFalseWithDifferentElements" classname="collections.MyQueueTest" time="0.001"/>
  <testcase name="testEqualsFalseWithDifferentSize" classname="collections.MyQueueTest" time="0"/>
  <testcase name="testEqualsTrue" classname="collections.MyQueueTest" time="0"/>
  <testcase name="testInitialSize" classname="collections.MyQueueTest" time="0"/>
  <testcase name="testIsEmptyFalse" classname="collections.MyQueueTest" time="0"/>
  <testcase name="testIsEmptyTrue" classname="collections.MyQueueTest" time="0.001"/>
  <testcase name="testIsFull" classname="collections.MyQueueTest" time="0.001"/>
  <testcase name="testIteratorHasNextFalse" classname="collections.MyQueueTest" time="0.001"/>
  <testcase name="testIteratorHasNextTrue" classname="collections.MyQueueTest" time="0.001"/>
  <testcase name="testIteratorNext" classname="collections.MyQueueTest" time="0.001"/>
  <testcase name="testIteratorNoSuchElement" classname="collections.MyQueueTest" time="0"/>
  <testcase name="testPeek" classname="collections.MyQueueTest" time="0"/>
  <testcase name="testPeekWithEmptyQueue" classname="collections.MyQueueTest" time="0"/>
  <testcase name="testSize" classname="collections.MyQueueTest" time="0"/>
  <testcase name="testToArrayWithArgument" classname="collections.MyQueueTest" time="0"/>
  <testcase name="testToArrayWithNullArgument" classname="collections.MyQueueTest" time="0.001"/>
  <testcase name="testToArrayWithoutArgument" classname="collections.MyQueueTest" time="0"/>
  <testcase name="testClear" classname="collections.MyStackTest" time="0.001"/>
  <testcase name="testContainsFalse" classname="collections.MyStackTest" time="0"/>
  <testcase name="testContainsTrue" classname="collections.MyStackTest" time="0"/>
  <testcase name="testContainsWithNullArgument" classname="collections.MyStackTest" time="0"/>
  <testcase name="testEqualsFalseWithDifferentElements" classname="collections.MyStackTest" time="0"/>
  <testcase name="testEqualsFalseWithDifferentSize" classname="collections.MyStackTest" time="0"/>
  <testcase name="testEqualsTrue" classname="collections.MyStackTest" time="0.001"/>
  <testcase name="testInitialSize" classname="collections.MyStackTest" time="0"/>
  <testcase name="testIsEmptyFalse" classname="collections.MyStackTest" time="0"/>
  <testcase name="testIsEmptyTrue" classname="collections.MyStackTest" time="0"/>
  <testcase name="testIteratorHasNextFalse" classname="collections.MyStackTest" time="0.001"/>
  <testcase name="testIteratorHasNextTrue" classname="collections.MyStackTest" time="0"/>
  <testcase name="testIteratorNext" classname="collections.MyStackTest" time="0"/>
  <testcase name="testIteratorNoSuchElement" classname="collections.MyStackTest" time="0.001"/>
  <testcase name="testPeek" classname="collections.MyStackTest" time="0.001"/>
  <testcase name="testPeekWithEmptyStack" classname="collections.MyStackTest" time="0"/>
  <testcase name="testPop" classname="collections.MyStackTest" time="0"/>
  <testcase name="testPopWithEmptyStack" classname="collections.MyStackTest" time="0"/>
  <testcase name="testPush" classname="collections.MyStackTest" time="0"/>
  <testcase name="testPushNull" classname="collections.MyStackTest" time="0.001"/>
  <testcase name="testSearch" classname="collections.MyStackTest" time="0"/>
  <testcase name="testSize" classname="collections.MyStackTest" time="0"/>
  <testcase name="testToArrayWithArgument" classname="collections.MyStackTest" time="0"/>
  <testcase name="testToArrayWithNullArgument" classname="collections.MyStackTest" time="0"/>
  <testcase name="testToArrayWithoutArgument" classname="collections.MyStackTest" time="0.001"/>
  <testcase name="testAttributeWithoutClosingQuote" classname="parser.XMLParserTest" time="0.013"/>
  <testcase name="testEmptyFile" classname="parser.XMLParserTest" time="0.001">
    <failure message="null" type="java.lang.AssertionError"><![CDATA[java.lang.AssertionError: null
	at parser.XMLParserTest.testEmptyFile(XMLParserTest.java:22)
]]></failure>
  </testcase>
  <testcase name="testEmptyTag" classname="parser.XMLParserTest" time="0.003">
    <failure message="did not expect [0] but found [0]" type="java.lang.AssertionError"><![CDATA[java.lang.AssertionError: did not expect [0] but found [0]
	at parser.XMLParserTest.testEmptyTag(XMLParserTest.java:31)
]]></failure>
  </testcase>
  <testcase name="testEmptyTagContent" classname="parser.XMLParserTest" time="0.001"/>
  <testcase name="testInvalidClosingTagsSequence" classname="parser.XMLParserTest" time="0.001"/>
  <testcase name="testMissingBracket" classname="parser.XMLParserTest" time="0.001"/>
  <testcase name="testMissingClosingTag" classname="parser.XMLParserTest" time="0.001"/>
  <testcase name="testMissingRootTag" classname="parser.XMLParserTest" time="0.001"/>
  <testcase name="testNotClosedComment" classname="parser.XMLParserTest" time="0.001"/>
  <testcase name="testNotXML" classname="parser.XMLParserTest" time="0.001"/>
  <testcase name="testSelfClosingTag" classname="parser.XMLParserTest" time="0.002">
    <failure message="expected [0] but found [2]" type="java.lang.AssertionError"><![CDATA[java.lang.AssertionError: expected [0] but found [2]
	at parser.XMLParserTest.testSelfClosingTag(XMLParserTest.java:80)
]]></failure>
  </testcase>
  <testcase name="testTagWithAmpersand" classname="parser.XMLParserTest" time="0.001"/>
  <testcase name="testTagWithApostrophe" classname="parser.XMLParserTest" time="0.001"/>
  <testcase name="testTagWithAttribute" classname="parser.XMLParserTest" time="0.001"/>
  <testcase name="testTagWithCDATA" classname="parser.XMLParserTest" time="0.002">
    <failure message="expected [0] but found [1]" type="java.lang.AssertionError"><![CDATA[java.lang.AssertionError: expected [0] but found [1]
	at parser.XMLParserTest.testTagWithCDATA(XMLParserTest.java:171)
]]></failure>
  </testcase>
  <testcase name="testTagWithGreaterSign" classname="parser.XMLParserTest" time="0.002"/>
  <testcase name="testTagWithInvalidAmpersand" classname="parser.XMLParserTest" time="0.001">
    <failure message="did not expect [0] but found [0]" type="java.lang.AssertionError"><![CDATA[java.lang.AssertionError: did not expect [0] but found [0]
	at parser.XMLParserTest.testTagWithInvalidAmpersand(XMLParserTest.java:115)
]]></failure>
  </testcase>
  <testcase name="testTagWithInvalidLessSign" classname="parser.XMLParserTest" time="0.001"/>
  <testcase name="testTagWithLessSign" classname="parser.XMLParserTest" time="0.002"/>
  <testcase name="testTagWithQuote" classname="parser.XMLParserTest" time="0.001"/>
  <testcase name="testValidXML" classname="parser.XMLParserTest" time="0.002"/>
  <testcase name="testWithComment" classname="parser.XMLParserTest" time="0.002">
    <failure message="expected [0] but found [2]" type="java.lang.AssertionError"><![CDATA[java.lang.AssertionError: expected [0] but found [2]
	at parser.XMLParserTest.testWithComment(XMLParserTest.java:150)
]]></failure>
  </testcase>
  <testcase name="testWithProlog" classname="parser.XMLParserTest" time="0">
    <failure message="expected [0] but found [1]" type="java.lang.AssertionError"><![CDATA[java.lang.AssertionError: expected [0] but found [1]
	at parser.XMLParserTest.testWithProlog(XMLParserTest.java:157)
]]></failure>
  </testcase>
</testsuite>